Scan state: queuing
Scan state: queuing
Scan state: executing
Scan state: executing
Scan state: completedWithErrors
Scan failed with state: completedWithErrors
Scan state: completedWithErrors
Scan failed with state: completedWithErrors
Scan state: completedWithErrors
Scan failed with state: completedWithErrors
Scan state: completedWithErrors
Scan failed with state: completedWithErrors
Scan state: completedWithErrors
Scan failed with state: completedWithErrors
Scan state: completedWithErrors
Scan failed with state: completedWithErrors
Scan state: completedWithErrors
Scan failed with state: completedWithErrors
Scan state: completedWithErrors
Scan failed with state: completedWithErrors
Scan state: completedWithErrors
Scan failed with state: completedWithErrors
Scan state: completedWithErrors
Scan failed with state: completedWithErrors
Scan state: completedWithErrors
Scan failed with state: completedWithErrors
Scan state: completedWithErrors
Scan failed with state: completedWithErrors
Scan state: completedWithErrors
Scan failed with state: completedWithErrors
Scan state: completedWithErrors
Scan failed with state: completedWithErrors
Scan state: completedWithErrors
Scan failed with state: completedWithErrors
Scan state: completedWithErrors
Scan failed with state: completedWithErrors
Scan state: completedWithErrors
Scan failed with state: completedWithErrors
Scan state: completedWithErrors
Scan failed with state: completedWithErrors
Scan state: completedWithErrors
Scan failed with state: completedWithErrors
Scan state: completedWithErrors
Scan failed with state: completedWithErrors
Scan state: completedWithErrors
Scan failed with state: completedWithErrors
Scan state: completedWithErrors
Scan failed with state: completedWithErrors
Scan state: completedWithErrors
Scan failed with state: completedWithErrors
Scan state: completedWithErrors
Scan failed with state: completedWithErrors
Scan state: completedWithErrors
Scan failed with state: completedWithErrors
Scan state: completedWithErrors
Scan failed with state: completedWithErrors
Scan state: completedWithErrors
Scan failed with state: completedWithErrors
Scan state: completedWithErrors
Scan failed with state: completedWithErrors
Scan state: completedWithErrors
Scan failed with state: completedWithErrors
Scan state: completedWithErrors
Scan failed with state: completedWithErrors
Scan state: completedWithErrors
Scan failed with state: completedWithErrors
Scan state: completedWithErrors
Scan failed with state: completedWithErrors
Scan state: completedWithErrors
Scan failed with state: completedWithErrors
Scan state: completedWithErrors
Scan failed with state: completedWithErrors
Scan state: completedWithErrors
Scan failed with state: completedWithErrors
Scan state: completedWithErrors
Scan failed with state: completedWithErrors
Scan state: completedWithErrors
Scan failed with state: completedWithErrors
Scan state: completedWithErrors
Scan failed with state: completedWithErrors
Scan state: completedWithErrors
Scan failed with state: completedWithErrors
Scan state: completedWithErrors
Scan failed with state: completedWithErrors
Scan state: completedWithErrors
Scan failed with state: completedWithErrors
Scan state: completedWithErrors
Scan failed with state: completedWithErrors
Scan state: completedWithErrors
Scan failed with state: completedWithErrors
Scan state: completedWithErrors
Scan failed with state: completedWithErrors
Scan state: completedWithErrors
Scan failed with state: completedWithErrors
Scan state: completedWithErrors
Scan failed with state: completedWithErrors
Scan state: completedWithErrors
Scan failed with state: completedWithErrors
Scan state: completedWithErrors
Scan failed with state: completedWithErrors
Scan state: completedWithErrors
Scan failed with state: completedWithErrors
Scan state: completedWithErrors
Scan failed with state: completedWithErrors
Scan state: completedWithErrors
Scan failed with state: completedWithErrors
Scan state: completedWithErrors
Scan failed with state: completedWithErrors
Scan state: completedWithErrors
Scan failed with state: completedWithErrors
Scan state: completedWithErrors
Scan failed with state: completedWithErrors
Scan state: completedWithErrors
Scan failed with state: completedWithErrors
Scan state: completedWithErrors
Scan failed with state: completedWithErrors
Scan state: completedWithErrors
Scan failed with state: completedWithErrors
Scan state: completedWithErrors
Scan failed with state: completedWithErrors
Scan state: completedWithErrors
Scan failed with state: completedWithErrors
GET request failed with status code 429

