[32m2024-09-16 15:38:36 +0200[0m - dagster - [34mDEBUG[0m - __ASSET_JOB - 87d7204b-95a0-4c09-b87b-d4ff508f159d - 75772 - LOGS_CAPTURED - Started capturing logs in process (pid: 75772).
[32m2024-09-16 15:38:36 +0200[0m - dagster - [34mDEBUG[0m - __ASSET_JOB - 87d7204b-95a0-4c09-b87b-d4ff508f159d - 75772 - load_from_s3 - STEP_START - Started execution of step "load_from_s3".
[32m2024-09-16 15:38:58 +0200[0m - dagster - [34mINFO[0m - __ASSET_JOB - 87d7204b-95a0-4c09-b87b-d4ff508f159d - load_from_s3 - Copying data from s3://soda-dagster/bikes/brands.csv to demo.brands
[32m2024-09-16 15:39:06 +0200[0m - dagster - [34mINFO[0m - __ASSET_JOB - 87d7204b-95a0-4c09-b87b-d4ff508f159d - load_from_s3 - Data copied successfully to demo.brands
[32m2024-09-16 15:39:06 +0200[0m - dagster - [34mINFO[0m - __ASSET_JOB - 87d7204b-95a0-4c09-b87b-d4ff508f159d - load_from_s3 - Copying data from s3://soda-dagster/bikes/categories.csv to demo.categories
[32m2024-09-16 15:39:06 +0200[0m - dagster - [34mINFO[0m - __ASSET_JOB - 87d7204b-95a0-4c09-b87b-d4ff508f159d - load_from_s3 - Data copied successfully to demo.categories
[32m2024-09-16 15:39:06 +0200[0m - dagster - [34mINFO[0m - __ASSET_JOB - 87d7204b-95a0-4c09-b87b-d4ff508f159d - load_from_s3 - Copying data from s3://soda-dagster/bikes/customers.csv to demo.customers
[32m2024-09-16 15:39:15 +0200[0m - dagster - [34mINFO[0m - __ASSET_JOB - 87d7204b-95a0-4c09-b87b-d4ff508f159d - load_from_s3 - Data copied successfully to demo.customers
[32m2024-09-16 15:39:15 +0200[0m - dagster - [34mINFO[0m - __ASSET_JOB - 87d7204b-95a0-4c09-b87b-d4ff508f159d - load_from_s3 - Copying data from s3://soda-dagster/bikes/order_items.csv to demo.order_items
[32m2024-09-16 15:39:23 +0200[0m - dagster - [34mINFO[0m - __ASSET_JOB - 87d7204b-95a0-4c09-b87b-d4ff508f159d - load_from_s3 - Data copied successfully to demo.order_items
[32m2024-09-16 15:39:23 +0200[0m - dagster - [34mINFO[0m - __ASSET_JOB - 87d7204b-95a0-4c09-b87b-d4ff508f159d - load_from_s3 - Copying data from s3://soda-dagster/bikes/orders.csv to demo.orders
[32m2024-09-16 15:39:32 +0200[0m - dagster - [34mINFO[0m - __ASSET_JOB - 87d7204b-95a0-4c09-b87b-d4ff508f159d - load_from_s3 - Data copied successfully to demo.orders
[32m2024-09-16 15:39:32 +0200[0m - dagster - [34mINFO[0m - __ASSET_JOB - 87d7204b-95a0-4c09-b87b-d4ff508f159d - load_from_s3 - Copying data from s3://soda-dagster/bikes/products.csv to demo.products
[32m2024-09-16 15:39:40 +0200[0m - dagster - [34mINFO[0m - __ASSET_JOB - 87d7204b-95a0-4c09-b87b-d4ff508f159d - load_from_s3 - Data copied successfully to demo.products
[32m2024-09-16 15:39:40 +0200[0m - dagster - [34mINFO[0m - __ASSET_JOB - 87d7204b-95a0-4c09-b87b-d4ff508f159d - load_from_s3 - Copying data from s3://soda-dagster/bikes/staffs.csv to demo.staffs
[32m2024-09-16 15:39:50 +0200[0m - dagster - [34mINFO[0m - __ASSET_JOB - 87d7204b-95a0-4c09-b87b-d4ff508f159d - load_from_s3 - Data copied successfully to demo.staffs
[32m2024-09-16 15:39:50 +0200[0m - dagster - [34mINFO[0m - __ASSET_JOB - 87d7204b-95a0-4c09-b87b-d4ff508f159d - load_from_s3 - Copying data from s3://soda-dagster/bikes/stocks.csv to demo.stocks
[32m2024-09-16 15:39:59 +0200[0m - dagster - [34mINFO[0m - __ASSET_JOB - 87d7204b-95a0-4c09-b87b-d4ff508f159d - load_from_s3 - Data copied successfully to demo.stocks
[32m2024-09-16 15:39:59 +0200[0m - dagster - [34mINFO[0m - __ASSET_JOB - 87d7204b-95a0-4c09-b87b-d4ff508f159d - load_from_s3 - Copying data from s3://soda-dagster/bikes/stores.csv to demo.stores
[32m2024-09-16 15:40:09 +0200[0m - dagster - [34mINFO[0m - __ASSET_JOB - 87d7204b-95a0-4c09-b87b-d4ff508f159d - load_from_s3 - Data copied successfully to demo.stores
[32m2024-09-16 15:40:10 +0200[0m - dagster - [34mINFO[0m - __ASSET_JOB - 87d7204b-95a0-4c09-b87b-d4ff508f159d - load_from_s3 - All data copied successfully
[32m2024-09-16 15:40:10 +0200[0m - dagster - [34mINFO[0m - __ASSET_JOB - 87d7204b-95a0-4c09-b87b-d4ff508f159d - load_from_s3 - Data loaded successfully.
[32m2024-09-16 15:40:10 +0200[0m - dagster - [34mDEBUG[0m - __ASSET_JOB - 87d7204b-95a0-4c09-b87b-d4ff508f159d - 75772 - load_from_s3 - STEP_OUTPUT - Yielded output "result" of type "Any". (Type check passed).
[32m2024-09-16 15:40:10 +0200[0m - dagster - [34mDEBUG[0m - __ASSET_JOB - 87d7204b-95a0-4c09-b87b-d4ff508f159d - load_from_s3 - Writing file at: /Users/hazem/Documents/Soda/GitHub/soda-dagster-demo/dbt-project/dagster/tmpa2rx4ntd/storage/load_from_s3 using PickledObjectFilesystemIOManager...
[32m2024-09-16 15:40:10 +0200[0m - dagster - [34mDEBUG[0m - __ASSET_JOB - 87d7204b-95a0-4c09-b87b-d4ff508f159d - 75772 - load_from_s3 - ASSET_MATERIALIZATION - Materialized value load_from_s3.
[32m2024-09-16 15:40:10 +0200[0m - dagster - [34mDEBUG[0m - __ASSET_JOB - 87d7204b-95a0-4c09-b87b-d4ff508f159d - 75772 - load_from_s3 - HANDLED_OUTPUT - Handled output "result" using IO manager "io_manager"
[32m2024-09-16 15:40:10 +0200[0m - dagster - [34mDEBUG[0m - __ASSET_JOB - 87d7204b-95a0-4c09-b87b-d4ff508f159d - 75772 - load_from_s3 - STEP_SUCCESS - Finished execution of step "load_from_s3" in 1m33s.
