[32m2024-08-16 11:38:14 +0200[0m - dagster - [34mDEBUG[0m - __ASSET_JOB - 28520077-02d8-4988-8577-e7d38c2aa86b - 98508 - LOGS_CAPTURED - Started capturing logs in process (pid: 98508).
[32m2024-08-16 11:38:14 +0200[0m - dagster - [34mDEBUG[0m - __ASSET_JOB - 28520077-02d8-4988-8577-e7d38c2aa86b - 98508 - ingestion_checks - STEP_START - Started execution of step "ingestion_checks".
[32m2024-08-16 11:38:15 +0200[0m - dagster - [34mERROR[0m - [31m__ASSET_JOB - 28520077-02d8-4988-8577-e7d38c2aa86b - ingestion_checks - Error loading bikes/brands.csv: An error occurred (InvalidToken) when calling the GetObject operation: The provided token is malformed or otherwise invalid.[0m
[32m2024-08-16 11:38:15 +0200[0m - dagster - [34mERROR[0m - [31m__ASSET_JOB - 28520077-02d8-4988-8577-e7d38c2aa86b - ingestion_checks - Error loading bikes/categories.csv: An error occurred (InvalidToken) when calling the GetObject operation: The provided token is malformed or otherwise invalid.[0m
[32m2024-08-16 11:38:15 +0200[0m - dagster - [34mERROR[0m - [31m__ASSET_JOB - 28520077-02d8-4988-8577-e7d38c2aa86b - ingestion_checks - Error loading bikes/customers.csv: An error occurred (InvalidToken) when calling the GetObject operation: The provided token is malformed or otherwise invalid.[0m
[32m2024-08-16 11:38:15 +0200[0m - dagster - [34mERROR[0m - [31m__ASSET_JOB - 28520077-02d8-4988-8577-e7d38c2aa86b - ingestion_checks - Error loading bikes/order_items.csv: An error occurred (InvalidToken) when calling the GetObject operation: The provided token is malformed or otherwise invalid.[0m
[32m2024-08-16 11:38:15 +0200[0m - dagster - [34mERROR[0m - [31m__ASSET_JOB - 28520077-02d8-4988-8577-e7d38c2aa86b - ingestion_checks - Error loading bikes/orders.csv: An error occurred (InvalidToken) when calling the GetObject operation: The provided token is malformed or otherwise invalid.[0m
[32m2024-08-16 11:38:16 +0200[0m - dagster - [34mERROR[0m - [31m__ASSET_JOB - 28520077-02d8-4988-8577-e7d38c2aa86b - ingestion_checks - Error loading bikes/products.csv: An error occurred (InvalidToken) when calling the GetObject operation: The provided token is malformed or otherwise invalid.[0m
[32m2024-08-16 11:38:16 +0200[0m - dagster - [34mERROR[0m - [31m__ASSET_JOB - 28520077-02d8-4988-8577-e7d38c2aa86b - ingestion_checks - Error loading bikes/staffs.csv: An error occurred (InvalidToken) when calling the GetObject operation: The provided token is malformed or otherwise invalid.[0m
[32m2024-08-16 11:38:16 +0200[0m - dagster - [34mERROR[0m - [31m__ASSET_JOB - 28520077-02d8-4988-8577-e7d38c2aa86b - ingestion_checks - Error loading bikes/stocks.csv: An error occurred (InvalidToken) when calling the GetObject operation: The provided token is malformed or otherwise invalid.[0m
[32m2024-08-16 11:38:16 +0200[0m - dagster - [34mERROR[0m - [31m__ASSET_JOB - 28520077-02d8-4988-8577-e7d38c2aa86b - ingestion_checks - Error loading bikes/stores.csv: An error occurred (InvalidToken) when calling the GetObject operation: The provided token is malformed or otherwise invalid.[0m
[32m2024-08-16 11:38:16 +0200[0m - dagster - [34mERROR[0m - [31m__ASSET_JOB - 28520077-02d8-4988-8577-e7d38c2aa86b - ingestion_checks - DataFrame missing for index 1. Check if all files are loaded correctly.[0m
[11:38:17] Data source 'soda-dagster' not present in the configuration. Configured data sources: 
[11:38:17] No valid checks found, 0 checks evaluated.
[11:38:17] Data source 'soda-dagster' not present in the configuration. Configured data sources: 
[11:38:17] Data source 'soda-dagster' not present in the configuration. Configured data sources: 
[32m2024-08-16 11:38:17 +0200[0m - dagster - [34mINFO[0m - __ASSET_JOB - 28520077-02d8-4988-8577-e7d38c2aa86b - ingestion_checks - Scan executed successfully.
[32m2024-08-16 11:38:17 +0200[0m - dagster - [34mINFO[0m - __ASSET_JOB - 28520077-02d8-4988-8577-e7d38c2aa86b - ingestion_checks - {'definitionName': 'Soda Dagster Demo', 'defaultDataSource': 'soda-dagster', 'dataTimestamp': '2024-08-16T09:38:16+00:00', 'scanStartTimestamp': '2024-08-16T09:38:16+00:00', 'scanEndTimestamp': '2024-08-16T09:38:17+00:00', 'hasErrors': True, 'hasWarnings': False, 'hasFailures': False, 'metrics': [], 'checks': [], 'checksMetadata': {'count': 0, 'pass': 0, 'warn': 0, 'fail': 0, 'evaluated': 0, 'notEvaluated': 0}, 'queries': [], 'automatedMonitoringChecks': [], 'profiling': [], 'metadata': [], 'logs': [{'level': 'INFO', 'message': 'Soda Library 1.5.21', 'timestamp': '2024-08-16T09:38:16+00:00', 'index': 1, 'doc': None, 'location': None}, {'level': 'INFO', 'message': 'Soda Core 3.0.47', 'timestamp': '2024-08-16T09:38:16+00:00', 'index': 2, 'doc': None, 'location': None}, {'level': 'INFO', 'message': "By downloading and using Soda Library, you agree to Soda's Terms & Conditions (https://go.soda.io/t&c) and Privacy Policy (https://go.soda.io/privacy). ", 'timestamp': '2024-08-16T09:38:16+00:00', 'index': 3, 'doc': None, 'location': None}, {'level': 'ERROR', 'message': "Data source 'soda-dagster' not present in the configuration. Configured data sources: ", 'timestamp': '2024-08-16T09:38:17+00:00', 'index': 4, 'doc': None, 'location': None}, {'level': 'INFO', 'message': 'Scan summary:', 'timestamp': '2024-08-16T09:38:17+00:00', 'index': 5, 'doc': None, 'location': None}, {'level': 'WARNING', 'message': 'No valid checks found, 0 checks evaluated.', 'timestamp': '2024-08-16T09:38:17+00:00', 'index': 6, 'doc': None, 'location': None}, {'level': 'INFO', 'message': '1 errors.', 'timestamp': '2024-08-16T09:38:17+00:00', 'index': 7, 'doc': None, 'location': None}, {'level': 'INFO', 'message': 'Oops! 1 error. 0 failures. 0 warnings. 0 pass.', 'timestamp': '2024-08-16T09:38:17+00:00', 'index': 8, 'doc': None, 'location': None}, {'level': 'INFO', 'message': 'Sending results to Soda Cloud', 'timestamp': '2024-08-16T09:38:17+00:00', 'index': 9, 'doc': None, 'location': None}, {'level': 'ERROR', 'message': "Data source 'soda-dagster' not present in the configuration. Configured data sources: ", 'timestamp': '2024-08-16T09:38:17+00:00', 'index': 10, 'doc': None, 'location': None}, {'level': 'INFO', 'message': 'Soda Cloud Trace: 5700972770580614812', 'timestamp': '2024-08-16T09:38:17+00:00', 'index': 11, 'doc': None, 'location': None}]}
[32m2024-08-16 11:38:17 +0200[0m - dagster - [34mINFO[0m - __ASSET_JOB - 28520077-02d8-4988-8577-e7d38c2aa86b - ingestion_checks - INFO   | Soda Library 1.5.21
INFO   | Soda Core 3.0.47
INFO   | By downloading and using Soda Library, you agree to Soda's Terms & Conditions (https://go.soda.io/t&c) and Privacy Policy (https://go.soda.io/privacy). 
ERROR  | Data source 'soda-dagster' not present in the configuration. Configured data sources: 
INFO   | Scan summary:
WARNING| No valid checks found, 0 checks evaluated.
INFO   | 1 errors.
INFO   | Oops! 1 error. 0 failures. 0 warnings. 0 pass.
INFO   | Sending results to Soda Cloud
ERROR  | Data source 'soda-dagster' not present in the configuration. Configured data sources: 
INFO   | Soda Cloud Trace: 5700972770580614812
[32m2024-08-16 11:38:17 +0200[0m - dagster - [34mDEBUG[0m - __ASSET_JOB - 28520077-02d8-4988-8577-e7d38c2aa86b - 98508 - ingestion_checks - STEP_OUTPUT - Yielded output "result" of type "Any". (Type check passed).
[32m2024-08-16 11:38:17 +0200[0m - dagster - [34mDEBUG[0m - __ASSET_JOB - 28520077-02d8-4988-8577-e7d38c2aa86b - ingestion_checks - Writing file at: /Users/hazem/Documents/Soda/GitHub/soda-dagster-demo/soda-dagster-demo/soda_dagster_demo/dbt-project/dagster/tmp2ch4vi5m/storage/ingestion_checks using PickledObjectFilesystemIOManager...
[32m2024-08-16 11:38:17 +0200[0m - dagster - [34mDEBUG[0m - __ASSET_JOB - 28520077-02d8-4988-8577-e7d38c2aa86b - 98508 - ingestion_checks - ASSET_MATERIALIZATION - Materialized value ingestion_checks.
[32m2024-08-16 11:38:17 +0200[0m - dagster - [34mDEBUG[0m - __ASSET_JOB - 28520077-02d8-4988-8577-e7d38c2aa86b - 98508 - ingestion_checks - HANDLED_OUTPUT - Handled output "result" using IO manager "io_manager"
[32m2024-08-16 11:38:17 +0200[0m - dagster - [34mDEBUG[0m - __ASSET_JOB - 28520077-02d8-4988-8577-e7d38c2aa86b - 98508 - ingestion_checks - STEP_SUCCESS - Finished execution of step "ingestion_checks" in 3.12s.
