[32m2024-08-16 11:40:11 +0200[0m - dagster - [34mDEBUG[0m - __ASSET_JOB - ef3782a6-a837-4e96-8639-bcf8cc3c1875 - 98740 - LOGS_CAPTURED - Started capturing logs in process (pid: 98740).
[32m2024-08-16 11:40:11 +0200[0m - dagster - [34mDEBUG[0m - __ASSET_JOB - ef3782a6-a837-4e96-8639-bcf8cc3c1875 - 98740 - load_from_s3 - STEP_START - Started execution of step "load_from_s3".
[32m2024-08-16 11:40:13 +0200[0m - dagster - [34mINFO[0m - __ASSET_JOB - ef3782a6-a837-4e96-8639-bcf8cc3c1875 - load_from_s3 - Copying data from s3://soda-dagster/bikes/brands.csv to demo.brands
[32m2024-08-16 11:40:13 +0200[0m - dagster - [34mINFO[0m - __ASSET_JOB - ef3782a6-a837-4e96-8639-bcf8cc3c1875 - load_from_s3 - Data copied successfully to demo.brands
[32m2024-08-16 11:40:13 +0200[0m - dagster - [34mINFO[0m - __ASSET_JOB - ef3782a6-a837-4e96-8639-bcf8cc3c1875 - load_from_s3 - Copying data from s3://soda-dagster/bikes/categories.csv to demo.categories
[32m2024-08-16 11:40:14 +0200[0m - dagster - [34mINFO[0m - __ASSET_JOB - ef3782a6-a837-4e96-8639-bcf8cc3c1875 - load_from_s3 - Data copied successfully to demo.categories
[32m2024-08-16 11:40:14 +0200[0m - dagster - [34mINFO[0m - __ASSET_JOB - ef3782a6-a837-4e96-8639-bcf8cc3c1875 - load_from_s3 - Copying data from s3://soda-dagster/bikes/customers.csv to demo.customers
[32m2024-08-16 11:40:14 +0200[0m - dagster - [34mINFO[0m - __ASSET_JOB - ef3782a6-a837-4e96-8639-bcf8cc3c1875 - load_from_s3 - Data copied successfully to demo.customers
[32m2024-08-16 11:40:14 +0200[0m - dagster - [34mINFO[0m - __ASSET_JOB - ef3782a6-a837-4e96-8639-bcf8cc3c1875 - load_from_s3 - Copying data from s3://soda-dagster/bikes/order_items.csv to demo.order_items
[32m2024-08-16 11:40:14 +0200[0m - dagster - [34mINFO[0m - __ASSET_JOB - ef3782a6-a837-4e96-8639-bcf8cc3c1875 - load_from_s3 - Data copied successfully to demo.order_items
[32m2024-08-16 11:40:14 +0200[0m - dagster - [34mINFO[0m - __ASSET_JOB - ef3782a6-a837-4e96-8639-bcf8cc3c1875 - load_from_s3 - Copying data from s3://soda-dagster/bikes/orders.csv to demo.orders
[32m2024-08-16 11:40:14 +0200[0m - dagster - [34mINFO[0m - __ASSET_JOB - ef3782a6-a837-4e96-8639-bcf8cc3c1875 - load_from_s3 - Data copied successfully to demo.orders
[32m2024-08-16 11:40:14 +0200[0m - dagster - [34mINFO[0m - __ASSET_JOB - ef3782a6-a837-4e96-8639-bcf8cc3c1875 - load_from_s3 - Copying data from s3://soda-dagster/bikes/products.csv to demo.products
[32m2024-08-16 11:40:15 +0200[0m - dagster - [34mINFO[0m - __ASSET_JOB - ef3782a6-a837-4e96-8639-bcf8cc3c1875 - load_from_s3 - Data copied successfully to demo.products
[32m2024-08-16 11:40:15 +0200[0m - dagster - [34mINFO[0m - __ASSET_JOB - ef3782a6-a837-4e96-8639-bcf8cc3c1875 - load_from_s3 - Copying data from s3://soda-dagster/bikes/staffs.csv to demo.staffs
[32m2024-08-16 11:40:15 +0200[0m - dagster - [34mINFO[0m - __ASSET_JOB - ef3782a6-a837-4e96-8639-bcf8cc3c1875 - load_from_s3 - Data copied successfully to demo.staffs
[32m2024-08-16 11:40:15 +0200[0m - dagster - [34mINFO[0m - __ASSET_JOB - ef3782a6-a837-4e96-8639-bcf8cc3c1875 - load_from_s3 - Copying data from s3://soda-dagster/bikes/stocks.csv to demo.stocks
[32m2024-08-16 11:40:16 +0200[0m - dagster - [34mINFO[0m - __ASSET_JOB - ef3782a6-a837-4e96-8639-bcf8cc3c1875 - load_from_s3 - Data copied successfully to demo.stocks
[32m2024-08-16 11:40:16 +0200[0m - dagster - [34mINFO[0m - __ASSET_JOB - ef3782a6-a837-4e96-8639-bcf8cc3c1875 - load_from_s3 - Copying data from s3://soda-dagster/bikes/stores.csv to demo.stores
[32m2024-08-16 11:40:16 +0200[0m - dagster - [34mINFO[0m - __ASSET_JOB - ef3782a6-a837-4e96-8639-bcf8cc3c1875 - load_from_s3 - Data copied successfully to demo.stores
[32m2024-08-16 11:40:16 +0200[0m - dagster - [34mINFO[0m - __ASSET_JOB - ef3782a6-a837-4e96-8639-bcf8cc3c1875 - load_from_s3 - All data copied successfully
[32m2024-08-16 11:40:16 +0200[0m - dagster - [34mINFO[0m - __ASSET_JOB - ef3782a6-a837-4e96-8639-bcf8cc3c1875 - load_from_s3 - Data loaded successfully.
[32m2024-08-16 11:40:17 +0200[0m - dagster - [34mDEBUG[0m - __ASSET_JOB - ef3782a6-a837-4e96-8639-bcf8cc3c1875 - 98740 - load_from_s3 - STEP_OUTPUT - Yielded output "result" of type "Any". (Type check passed).
[32m2024-08-16 11:40:17 +0200[0m - dagster - [34mDEBUG[0m - __ASSET_JOB - ef3782a6-a837-4e96-8639-bcf8cc3c1875 - load_from_s3 - Writing file at: /Users/hazem/Documents/Soda/GitHub/soda-dagster-demo/soda-dagster-demo/soda_dagster_demo/dbt-project/dagster/tmp2ch4vi5m/storage/load_from_s3 using PickledObjectFilesystemIOManager...
[32m2024-08-16 11:40:17 +0200[0m - dagster - [34mDEBUG[0m - __ASSET_JOB - ef3782a6-a837-4e96-8639-bcf8cc3c1875 - 98740 - load_from_s3 - ASSET_MATERIALIZATION - Materialized value load_from_s3.
[32m2024-08-16 11:40:17 +0200[0m - dagster - [34mDEBUG[0m - __ASSET_JOB - ef3782a6-a837-4e96-8639-bcf8cc3c1875 - 98740 - load_from_s3 - HANDLED_OUTPUT - Handled output "result" using IO manager "io_manager"
[32m2024-08-16 11:40:17 +0200[0m - dagster - [34mDEBUG[0m - __ASSET_JOB - ef3782a6-a837-4e96-8639-bcf8cc3c1875 - 98740 - load_from_s3 - STEP_SUCCESS - Finished execution of step "load_from_s3" in 5.96s.
