[32m2024-08-13 21:17:45 +0200[0m - dagster - [34mDEBUG[0m - __ASSET_JOB - 8836feeb-5ae4-4440-9994-4fb3f41ede18 - 61662 - LOGS_CAPTURED - Started capturing logs in process (pid: 61662).
[32m2024-08-13 21:17:45 +0200[0m - dagster - [34mDEBUG[0m - __ASSET_JOB - 8836feeb-5ae4-4440-9994-4fb3f41ede18 - 61662 - load_from_s3 - STEP_START - Started execution of step "load_from_s3".
[32m2024-08-13 21:17:46 +0200[0m - dagster - [34mINFO[0m - __ASSET_JOB - 8836feeb-5ae4-4440-9994-4fb3f41ede18 - load_from_s3 - Copying data from s3://soda-dagster/bikes/brands.csv to demo.brands
[32m2024-08-13 21:17:46 +0200[0m - dagster - [34mINFO[0m - __ASSET_JOB - 8836feeb-5ae4-4440-9994-4fb3f41ede18 - load_from_s3 - Data copied successfully to demo.brands
[32m2024-08-13 21:17:46 +0200[0m - dagster - [34mINFO[0m - __ASSET_JOB - 8836feeb-5ae4-4440-9994-4fb3f41ede18 - load_from_s3 - Copying data from s3://soda-dagster/bikes/categories.csv to demo.categories
[32m2024-08-13 21:17:47 +0200[0m - dagster - [34mINFO[0m - __ASSET_JOB - 8836feeb-5ae4-4440-9994-4fb3f41ede18 - load_from_s3 - Data copied successfully to demo.categories
[32m2024-08-13 21:17:47 +0200[0m - dagster - [34mINFO[0m - __ASSET_JOB - 8836feeb-5ae4-4440-9994-4fb3f41ede18 - load_from_s3 - Copying data from s3://soda-dagster/bikes/customers.csv to demo.customers
[32m2024-08-13 21:17:47 +0200[0m - dagster - [34mINFO[0m - __ASSET_JOB - 8836feeb-5ae4-4440-9994-4fb3f41ede18 - load_from_s3 - Data copied successfully to demo.customers
[32m2024-08-13 21:17:47 +0200[0m - dagster - [34mINFO[0m - __ASSET_JOB - 8836feeb-5ae4-4440-9994-4fb3f41ede18 - load_from_s3 - Copying data from s3://soda-dagster/bikes/order_items.csv to demo.order_items
[32m2024-08-13 21:17:47 +0200[0m - dagster - [34mINFO[0m - __ASSET_JOB - 8836feeb-5ae4-4440-9994-4fb3f41ede18 - load_from_s3 - Data copied successfully to demo.order_items
[32m2024-08-13 21:17:47 +0200[0m - dagster - [34mINFO[0m - __ASSET_JOB - 8836feeb-5ae4-4440-9994-4fb3f41ede18 - load_from_s3 - Copying data from s3://soda-dagster/bikes/orders.csv to demo.orders
[32m2024-08-13 21:17:48 +0200[0m - dagster - [34mINFO[0m - __ASSET_JOB - 8836feeb-5ae4-4440-9994-4fb3f41ede18 - load_from_s3 - Data copied successfully to demo.orders
[32m2024-08-13 21:17:48 +0200[0m - dagster - [34mINFO[0m - __ASSET_JOB - 8836feeb-5ae4-4440-9994-4fb3f41ede18 - load_from_s3 - Copying data from s3://soda-dagster/bikes/products.csv to demo.products
[32m2024-08-13 21:17:48 +0200[0m - dagster - [34mINFO[0m - __ASSET_JOB - 8836feeb-5ae4-4440-9994-4fb3f41ede18 - load_from_s3 - Data copied successfully to demo.products
[32m2024-08-13 21:17:48 +0200[0m - dagster - [34mINFO[0m - __ASSET_JOB - 8836feeb-5ae4-4440-9994-4fb3f41ede18 - load_from_s3 - Copying data from s3://soda-dagster/bikes/staffs.csv to demo.staffs
[32m2024-08-13 21:17:49 +0200[0m - dagster - [34mINFO[0m - __ASSET_JOB - 8836feeb-5ae4-4440-9994-4fb3f41ede18 - load_from_s3 - Data copied successfully to demo.staffs
[32m2024-08-13 21:17:49 +0200[0m - dagster - [34mINFO[0m - __ASSET_JOB - 8836feeb-5ae4-4440-9994-4fb3f41ede18 - load_from_s3 - Copying data from s3://soda-dagster/bikes/stocks.csv to demo.stocks
[32m2024-08-13 21:17:49 +0200[0m - dagster - [34mINFO[0m - __ASSET_JOB - 8836feeb-5ae4-4440-9994-4fb3f41ede18 - load_from_s3 - Data copied successfully to demo.stocks
[32m2024-08-13 21:17:49 +0200[0m - dagster - [34mINFO[0m - __ASSET_JOB - 8836feeb-5ae4-4440-9994-4fb3f41ede18 - load_from_s3 - Copying data from s3://soda-dagster/bikes/stores.csv to demo.stores
[32m2024-08-13 21:17:49 +0200[0m - dagster - [34mINFO[0m - __ASSET_JOB - 8836feeb-5ae4-4440-9994-4fb3f41ede18 - load_from_s3 - Data copied successfully to demo.stores
[32m2024-08-13 21:17:50 +0200[0m - dagster - [34mINFO[0m - __ASSET_JOB - 8836feeb-5ae4-4440-9994-4fb3f41ede18 - load_from_s3 - All data copied successfully
[32m2024-08-13 21:17:50 +0200[0m - dagster - [34mINFO[0m - __ASSET_JOB - 8836feeb-5ae4-4440-9994-4fb3f41ede18 - load_from_s3 - Data loaded successfully.
[32m2024-08-13 21:17:50 +0200[0m - dagster - [34mDEBUG[0m - __ASSET_JOB - 8836feeb-5ae4-4440-9994-4fb3f41ede18 - 61662 - load_from_s3 - STEP_OUTPUT - Yielded output "result" of type "Any". (Type check passed).
[32m2024-08-13 21:17:50 +0200[0m - dagster - [34mDEBUG[0m - __ASSET_JOB - 8836feeb-5ae4-4440-9994-4fb3f41ede18 - load_from_s3 - Writing file at: /Users/hazem/Documents/Soda/GitHub/soda-dagster-demo/soda-dagster-demo/soda_dagster_demo/dagsteretl/dbttest/tmpl_euqitu/storage/load_from_s3 using PickledObjectFilesystemIOManager...
[32m2024-08-13 21:17:50 +0200[0m - dagster - [34mDEBUG[0m - __ASSET_JOB - 8836feeb-5ae4-4440-9994-4fb3f41ede18 - 61662 - load_from_s3 - ASSET_MATERIALIZATION - Materialized value load_from_s3.
[32m2024-08-13 21:17:50 +0200[0m - dagster - [34mDEBUG[0m - __ASSET_JOB - 8836feeb-5ae4-4440-9994-4fb3f41ede18 - 61662 - load_from_s3 - HANDLED_OUTPUT - Handled output "result" using IO manager "io_manager"
[32m2024-08-13 21:17:50 +0200[0m - dagster - [34mDEBUG[0m - __ASSET_JOB - 8836feeb-5ae4-4440-9994-4fb3f41ede18 - 61662 - load_from_s3 - STEP_SUCCESS - Finished execution of step "load_from_s3" in 5.65s.
