[32m2024-09-24 17:01:29 +0200[0m - dagster - [34mDEBUG[0m - prod_pipeline - 2982c3b9-e78c-4823-a098-dc3232e35b0d - 36338 - LOGS_CAPTURED - Started capturing logs in process (pid: 36338).
[32m2024-09-24 17:01:29 +0200[0m - dagster - [34mDEBUG[0m - prod_pipeline - 2982c3b9-e78c-4823-a098-dc3232e35b0d - 36338 - export_report - STEP_START - Started execution of step "export_report".
[32m2024-09-24 17:01:29 +0200[0m - dagster - [34mINFO[0m - prod_pipeline - 2982c3b9-e78c-4823-a098-dc3232e35b0d - export_report - Starting SodaAPI to Redshift Tables.....
[32m2024-09-24 17:01:30 +0200[0m - dagster - [34mINFO[0m - prod_pipeline - 2982c3b9-e78c-4823-a098-dc3232e35b0d - export_report - Fetching all datasets on page: 0
[32m2024-09-24 17:01:30 +0200[0m - dagster - [34mINFO[0m - prod_pipeline - 2982c3b9-e78c-4823-a098-dc3232e35b0d - export_report - Fetching all datasets on page: 1
[32m2024-09-24 17:01:30 +0200[0m - dagster - [34mINFO[0m - prod_pipeline - 2982c3b9-e78c-4823-a098-dc3232e35b0d - export_report - Fetching all datasets on page: 2
[32m2024-09-24 17:01:31 +0200[0m - dagster - [34mINFO[0m - prod_pipeline - 2982c3b9-e78c-4823-a098-dc3232e35b0d - export_report - Fetching all datasets on page: 3
[32m2024-09-24 17:01:31 +0200[0m - dagster - [34mINFO[0m - prod_pipeline - 2982c3b9-e78c-4823-a098-dc3232e35b0d - export_report - Fetching all checks on page 0
[32m2024-09-24 17:01:31 +0200[0m - dagster - [34mINFO[0m - prod_pipeline - 2982c3b9-e78c-4823-a098-dc3232e35b0d - export_report - Inserting row: ('2024-09-24 17:01:31', 'c51c6545-7ade-49ae-a2ed-8e0451f7f78c', 'brands', 'dev.demo_staging.brands', '2024-08-09T09:09:42Z', 'fail', 66, 3, 0, 'https://demo.soda.io/o/424820cc-284b-4ad8-ad62-bb46bbe64a4f/datasets/c51c6545-7ade-49ae-a2ed-8e0451f7f78c', [{'type': 'user', 'user': {'userId': '059f6627-ec83-4971-9c99-0b45c4e95f65', 'firstName': 'Hazem', 'lastName': 'El-Dabaa', 'fullName': 'Hazem El-Dabaa', 'email': 'hazem.eldabaa@soda.io'}}], 'redshift')
[32m2024-09-24 17:01:31 +0200[0m - dagster - [34mINFO[0m - prod_pipeline - 2982c3b9-e78c-4823-a098-dc3232e35b0d - export_report - Data types: [<class 'str'>, <class 'str'>, <class 'str'>, <class 'str'>, <class 'str'>, <class 'str'>, <class 'int'>, <class 'int'>, <class 'int'>, <class 'str'>, <class 'list'>, <class 'str'>]
[32m2024-09-24 17:01:31 +0200[0m - dagster - [34mINFO[0m - prod_pipeline - 2982c3b9-e78c-4823-a098-dc3232e35b0d - export_report - Checking item: 2024-09-24 17:01:31 of type <class 'str'>
[32m2024-09-24 17:01:31 +0200[0m - dagster - [34mERROR[0m - [31mprod_pipeline - 2982c3b9-e78c-4823-a098-dc3232e35b0d - export_report - Error processing row: ('2024-09-24 17:01:31', 'c51c6545-7ade-49ae-a2ed-8e0451f7f78c', 'brands', 'dev.demo_staging.brands', '2024-08-09T09:09:42Z', 'fail', 66, 3, 0, 'https://demo.soda.io/o/424820cc-284b-4ad8-ad62-bb46bbe64a4f/datasets/c51c6545-7ade-49ae-a2ed-8e0451f7f78c', [{'type': 'user', 'user': {'userId': '059f6627-ec83-4971-9c99-0b45c4e95f65', 'firstName': 'Hazem', 'lastName': 'El-Dabaa', 'fullName': 'Hazem El-Dabaa', 'email': 'hazem.eldabaa@soda.io'}}], 'redshift'). Error: isinstance() arg 2 must be a type or tuple of types[0m
[32m2024-09-24 17:01:32 +0200[0m - dagster - [34mERROR[0m - [31mprod_pipeline - 2982c3b9-e78c-4823-a098-dc3232e35b0d - 36338 - export_report - STEP_FAILURE - Execution of step "export_report" failed.

dagster._core.errors.DagsterExecutionStepExecutionError: Error occurred while executing op "export_report"::

TypeError: isinstance() arg 2 must be a type or tuple of types

Stack Trace:
  File "/Users/hazem/Documents/Soda/GitHub/soda-dagster-demo/.venv/lib/python3.9/site-packages/dagster/_core/execution/plan/utils.py", line 54, in op_execution_error_boundary
    yield
  File "/Users/hazem/Documents/Soda/GitHub/soda-dagster-demo/.venv/lib/python3.9/site-packages/dagster/_utils/__init__.py", line 473, in iterate_with_context
    next_output = next(iterator)
  File "/Users/hazem/Documents/Soda/GitHub/soda-dagster-demo/.venv/lib/python3.9/site-packages/dagster/_core/execution/plan/compute_generator.py", line 141, in _coerce_op_compute_fn_to_iterator
    result = invoke_compute_fn(
  File "/Users/hazem/Documents/Soda/GitHub/soda-dagster-demo/.venv/lib/python3.9/site-packages/dagster/_core/execution/plan/compute_generator.py", line 129, in invoke_compute_fn
    return fn(context, **args_to_pass) if context_arg_provided else fn(**args_to_pass)
  File "/Users/hazem/Documents/Soda/GitHub/soda-dagster-demo/dbt-project/dagster/pipeline/exportapi.py", line 287, in export_report
    insert_into_table(conn, df_datasets, datasets_table)
  File "/Users/hazem/Documents/Soda/GitHub/soda-dagster-demo/dbt-project/dagster/pipeline/exportapi.py", line 245, in insert_into_table
    elif isinstance(item, list):
[0m
