Running with dbt=1.8.4
Registered adapter: redshift=1.8.1
[[33mWARNING[0m]: Configuration paths exist in your dbt_project.yml file which do not apply to any resources.
There are 1 unused configuration paths:
- models.dagsteretl.staging
Found 4 models, 3 sources, 486 macros

Concurrency: 2 threads (target='dev')

1 of 4 START sql table model demo.prod_product_popularity ...................... [RUN]
2 of 4 START sql table model demo.prod_sales_summary ........................... [RUN]
1 of 4 OK created sql table model demo.prod_product_popularity ................. [[32mSUCCESS[0m in 2.04s]
3 of 4 START sql table model demo_staging.t_product_popularity ................. [RUN]
3 of 4 ERROR creating sql table model demo_staging.t_product_popularity ........ [[31mERROR[0m in 0.72s]
4 of 4 START sql table model demo_staging.t_sales_summary ...................... [RUN]
2 of 4 OK created sql table model demo.prod_sales_summary ...................... [[32mSUCCESS[0m in 3.86s]
4 of 4 ERROR creating sql table model demo_staging.t_sales_summary ............. [[31mERROR[0m in 1.10s]

Finished running 4 table models in 0 hours 0 minutes and 6.35 seconds (6.35s).

[31mCompleted with 2 errors and 0 warnings:[0m

  Database Error in model t_product_popularity (models/marts/t_product_popularity.sql)
  column o.product_id does not exist
  compiled Code at target/a2d96ef/run/dagsteretl/models/marts/t_product_popularity.sql

  Database Error in model t_sales_summary (models/marts/t_sales_summary.sql)
  syntax error at or near "from" in context "AS total_customers
      FROM from", at line 21, column 10
  compiled Code at target/a2d96ef/run/dagsteretl/models/marts/t_sales_summary.sql

Done. PASS=2 WARN=0 ERROR=2 SKIP=0 TOTAL=4
