[32m2024-09-18 20:33:39 +0200[0m - dagster - [34mDEBUG[0m - staging_pipeline - c2a82715-19d1-4ffe-a6a0-e4e35ca9e336 - 25764 - LOGS_CAPTURED - Started capturing logs in process (pid: 25764).
[32m2024-09-18 20:33:39 +0200[0m - dagster - [34mDEBUG[0m - staging_pipeline - c2a82715-19d1-4ffe-a6a0-e4e35ca9e336 - 25764 - ingestion - STEP_START - Started execution of step "ingestion".
[32m2024-09-18 20:33:39 +0200[0m - dagster - [34mINFO[0m - staging_pipeline - c2a82715-19d1-4ffe-a6a0-e4e35ca9e336 - ingestion - Successfully loaded DataFrame for bikes/brands.csv with 9 rows.
[32m2024-09-18 20:33:39 +0200[0m - dagster - [34mINFO[0m - staging_pipeline - c2a82715-19d1-4ffe-a6a0-e4e35ca9e336 - ingestion - Successfully loaded DataFrame for bikes/categories.csv with 7 rows.
[32m2024-09-18 20:33:39 +0200[0m - dagster - [34mINFO[0m - staging_pipeline - c2a82715-19d1-4ffe-a6a0-e4e35ca9e336 - ingestion - Successfully loaded DataFrame for bikes/customers.csv with 1445 rows.
[32m2024-09-18 20:33:40 +0200[0m - dagster - [34mINFO[0m - staging_pipeline - c2a82715-19d1-4ffe-a6a0-e4e35ca9e336 - ingestion - Successfully loaded DataFrame for bikes/order_items.csv with 4722 rows.
[32m2024-09-18 20:33:40 +0200[0m - dagster - [34mINFO[0m - staging_pipeline - c2a82715-19d1-4ffe-a6a0-e4e35ca9e336 - ingestion - Successfully loaded DataFrame for bikes/orders.csv with 1615 rows.
[32m2024-09-18 20:33:40 +0200[0m - dagster - [34mINFO[0m - staging_pipeline - c2a82715-19d1-4ffe-a6a0-e4e35ca9e336 - ingestion - Successfully loaded DataFrame for bikes/products.csv with 321 rows.
[32m2024-09-18 20:33:40 +0200[0m - dagster - [34mINFO[0m - staging_pipeline - c2a82715-19d1-4ffe-a6a0-e4e35ca9e336 - ingestion - Successfully loaded DataFrame for bikes/staffs.csv with 10 rows.
[32m2024-09-18 20:33:40 +0200[0m - dagster - [34mINFO[0m - staging_pipeline - c2a82715-19d1-4ffe-a6a0-e4e35ca9e336 - ingestion - Successfully loaded DataFrame for bikes/stocks.csv with 939 rows.
[32m2024-09-18 20:33:40 +0200[0m - dagster - [34mINFO[0m - staging_pipeline - c2a82715-19d1-4ffe-a6a0-e4e35ca9e336 - ingestion - Successfully loaded DataFrame for bikes/stores.csv with 3 rows.
INFO:soda.scan:[20:33:41] By downloading and using Soda Library, you agree to Soda's Terms & Conditions (https://go.soda.io/t&c) and Privacy Policy (https://go.soda.io/privacy). 
[32m2024-09-18 20:33:45 +0200[0m - dagster - [34mINFO[0m - staging_pipeline - c2a82715-19d1-4ffe-a6a0-e4e35ca9e336 - ingestion - Successfuly sent failed rows to Missing phone number.csv 
INFO:dagster.builtin:staging_pipeline - c2a82715-19d1-4ffe-a6a0-e4e35ca9e336 - ingestion - Successfuly sent failed rows to Missing phone number.csv 
[32m2024-09-18 20:33:45 +0200[0m - dagster - [34mINFO[0m - staging_pipeline - c2a82715-19d1-4ffe-a6a0-e4e35ca9e336 - ingestion - Successfuly sent failed rows to Shipment Late.csv 
INFO:dagster.builtin:staging_pipeline - c2a82715-19d1-4ffe-a6a0-e4e35ca9e336 - ingestion - Successfuly sent failed rows to Shipment Late.csv 
INFO:soda.scan:[20:33:45] Scan summary:
INFO:soda.scan:[20:33:45] 12/14 checks PASSED: 
INFO:soda.scan:[20:33:45]     brands in soda-dagster
INFO:soda.scan:[20:33:45]       Invalid row count [PASSED]
INFO:soda.scan:[20:33:45]       Brand must have ID [PASSED]
INFO:soda.scan:[20:33:45]       Unique brand [PASSED]
INFO:soda.scan:[20:33:45]     stores in soda-dagster
INFO:soda.scan:[20:33:45]       Invalid row count [PASSED]
INFO:soda.scan:[20:33:45]       Store must have ID [PASSED]
INFO:soda.scan:[20:33:45]       invalid_count(email) = 0 [PASSED]
INFO:soda.scan:[20:33:45]       invalid_count(phone) = 0 [PASSED]
INFO:soda.scan:[20:33:45]     stocks in soda-dagster
INFO:soda.scan:[20:33:45]       row_count > 0 [PASSED]
INFO:soda.scan:[20:33:45]       values in (store_id) must exist in stores (store_id) [PASSED]
INFO:soda.scan:[20:33:45]       values in (product_id) must exist in products (product_id) [PASSED]
INFO:soda.scan:[20:33:45]       No negative quantities [PASSED]
INFO:soda.scan:[20:33:45]     products in soda-dagster
INFO:soda.scan:[20:33:45]       row_count > 0 [PASSED]
INFO:soda.scan:[20:33:45] 2/14 checks FAILED: 
INFO:soda.scan:[20:33:45]     customers in soda-dagster
INFO:soda.scan:[20:33:45]       Missing phone number [FAILED]
INFO:soda.scan:[20:33:45]         check_value: 1267
INFO:soda.scan:[20:33:45]     orders in soda-dagster
INFO:soda.scan:[20:33:45]       Shipment Late [FAILED]
INFO:soda.scan:[20:33:45]         value: 482
INFO:soda.scan:[20:33:45] Oops! 2 failures. 0 warnings. 0 errors. 12 pass.
INFO:soda.scan:[20:33:45] Sending results to Soda Cloud
INFO:soda.scan:[20:33:46] Soda Cloud Trace: 691757568982816502
[32m2024-09-18 20:33:46 +0200[0m - dagster - [34mERROR[0m - [31mstaging_pipeline - c2a82715-19d1-4ffe-a6a0-e4e35ca9e336 - 25764 - ingestion - STEP_FAILURE - Execution of step "ingestion" failed.

dagster._core.errors.DagsterExecutionStepExecutionError: Error occurred while executing op "ingestion"::

TypeError: evaluate_checks_from_log() takes 1 positional argument but 2 were given

Stack Trace:
  File "/Users/hazem/Documents/Soda/GitHub/soda-dagster-demo/.venv/lib/python3.9/site-packages/dagster/_core/execution/plan/utils.py", line 54, in op_execution_error_boundary
    yield
  File "/Users/hazem/Documents/Soda/GitHub/soda-dagster-demo/.venv/lib/python3.9/site-packages/dagster/_utils/__init__.py", line 473, in iterate_with_context
    next_output = next(iterator)
  File "/Users/hazem/Documents/Soda/GitHub/soda-dagster-demo/dbt-project/dagster/pipeline/assets.py", line 603, in ingestion
    check_results = evaluate_checks_from_log(logs, check_specs)
[0m
